2025-05-30 17:02:10,685 [nextengine.sales_uploader] INFO: Uploaded data\success\sales_20250523_005414.json => {'result': 'redirect', 'code': '002004', 'message': 'access_tokenの有効期限が終了しました。'}
2025-05-30 17:02:10,788 [nextengine.sales_uploader] INFO: Uploaded data\success\sales_20250528_202813.json => {'result': 'redirect', 'code': '002004', 'message': 'access_tokenの有効期限が終了しました。'}
2025-05-30 17:02:10,882 [nextengine.sales_uploader] INFO: Uploaded data\success\sales_20250528_202942.json => {'result': 'redirect', 'code': '002004', 'message': 'access_tokenの有効期限が終了しました。'}
2025-05-30 17:02:10,990 [nextengine.sales_uploader] INFO: Uploaded data\success\sales_20250529_031811.json => {'result': 'redirect', 'code': '002004', 'message': 'access_tokenの有効期限が終了しました。'}
2025-05-30 17:02:11,088 [nextengine.sales_uploader] INFO: Uploaded data\success\sales_20250530_155406.json => {'result': 'redirect', 'code': '002004', 'message': 'access_tokenの有効期限が終了しました。'}
2025-05-30 17:02:11,186 [nextengine.sales_uploader] INFO: Uploaded data\success\sales_20250530_155516.json => {'result': 'redirect', 'code': '002004', 'message': 'access_tokenの有効期限が終了しました。'}
2025-05-30 17:02:11,282 [nextengine.sales_uploader] INFO: Uploaded data\success\sales_20250530_170139.json => {'result': 'redirect', 'code': '002004', 'message': 'access_tokenの有効期限が終了しました。'}
2025-05-30 17:02:11,388 [nextengine.sales_uploader] INFO: Uploaded data\success\sales_20250530_170205.json => {'result': 'redirect', 'code': '002004', 'message': 'access_tokenの有効期限が終了しました。'}
2025-05-30 17:34:38,779 [nextengine.sales_uploader] INFO: Uploaded data\202505\sales_20250530_173417.json => {'result': 'redirect', 'code': '002004', 'message': 'access_tokenの有効期限が終了しました。'}
2025-05-30 17:34:38,875 [nextengine.sales_uploader] INFO: Uploaded data\202505\sales_20250530_173432.json => {'result': 'redirect', 'code': '002004', 'message': 'access_tokenの有効期限が終了しました。'}
2025-05-30 17:44:45,772 [nextengine.sales_uploader] INFO: Uploaded data\202505\sales_20250530_174427.json => {'result': 'redirect', 'code': '002004', 'message': 'access_tokenの有効期限が終了しました。'}
2025-05-30 17:44:45,859 [nextengine.sales_uploader] INFO: Uploaded data\202505\sales_20250530_174440.json => {'result': 'redirect', 'code': '002004', 'message': 'access_tokenの有効期限が終了しました。'}
2025-05-30 20:38:38,023 [nextengine.sales_uploader] INFO: Uploaded data\202505\sales_20250530_174427.json => {'result': 'redirect', 'code': '002004', 'message': 'access_tokenの有効期限が終了しました。'}
2025-05-30 20:38:38,109 [nextengine.sales_uploader] INFO: Uploaded data\202505\sales_20250530_174440.json => {'result': 'redirect', 'code': '002004', 'message': 'access_tokenの有効期限が終了しました。'}
2025-05-30 20:38:38,202 [nextengine.sales_uploader] INFO: Uploaded data\202505\sales_20250530_203812.json => {'result': 'redirect', 'code': '002004', 'message': 'access_tokenの有効期限が終了しました。'}
2025-05-30 20:38:38,297 [nextengine.sales_uploader] INFO: Uploaded data\202505\sales_20250530_203829.json => {'result': 'redirect', 'code': '002004', 'message': 'access_tokenの有効期限が終了しました。'}
2025-05-30 20:43:39,961 [nextengine.sales_uploader] INFO: Uploaded data\202505\sales_20250530_204306.json => {'result': 'redirect', 'code': '002004', 'message': 'access_tokenの有効期限が終了しました。'}
2025-05-30 20:43:40,051 [nextengine.sales_uploader] INFO: Uploaded data\202505\sales_20250530_204332.json => {'result': 'redirect', 'code': '002004', 'message': 'access_tokenの有効期限が終了しました。'}
2025-05-30 20:43:40,161 [nextengine.sales_uploader] INFO: Uploaded data\pending\sales_20250530_174427.json => {'result': 'redirect', 'code': '002004', 'message': 'access_tokenの有効期限が終了しました。'}
2025-05-30 20:43:40,267 [nextengine.sales_uploader] INFO: Uploaded data\pending\sales_20250530_174440.json => {'result': 'redirect', 'code': '002004', 'message': 'access_tokenの有効期限が終了しました。'}
2025-05-30 20:43:40,355 [nextengine.sales_uploader] INFO: Uploaded data\pending\sales_20250530_203812.json => {'result': 'redirect', 'code': '002004', 'message': 'access_tokenの有効期限が終了しました。'}
2025-05-30 20:43:40,443 [nextengine.sales_uploader] INFO: Uploaded data\pending\sales_20250530_203829.json => {'result': 'redirect', 'code': '002004', 'message': 'access_tokenの有効期限が終了しました。'}
2025-05-30 20:47:09,845 [nextengine.sales_uploader] INFO: Uploaded data\202505\sales_20250530_204703.json => {'result': 'redirect', 'code': '002004', 'message': 'access_tokenの有効期限が終了しました。'}
2025-05-30 21:42:12,748 [nextengine.sales_uploader] INFO: Uploaded data\202505\sales_20250530_205148.json => {'result': 'redirect', 'code': '002004', 'message': 'access_tokenの有効期限が終了しました。'}
2025-05-30 21:42:12,837 [nextengine.sales_uploader] INFO: Uploaded data\202505\sales_20250530_214208.json => {'result': 'redirect', 'code': '002004', 'message': 'access_tokenの有効期限が終了しました。'}
2025-06-11 15:55:43,043 [nextengine.sales_uploader] WARNING: [SalesUploader] Initial token refresh failed: HTTPSConnectionPool(host='secure.next-engine.org', port=443): Max retries exceeded with url: /oauth/token (Caused by NameResolutionError("<urllib3.connection.HTTPSConnection object at 0x0000017C3E68DFD0>: Failed to resolve 'secure.next-engine.org' ([Errno 11001] getaddrinfo failed)"))
2025-06-11 15:55:43,065 [nextengine.sales_uploader] WARNING: [SalesUploader] Initial token refresh failed: HTTPSConnectionPool(host='secure.next-engine.org', port=443): Max retries exceeded with url: /oauth/token (Caused by NameResolutionError("<urllib3.connection.HTTPSConnection object at 0x0000017C3E673C50>: Failed to resolve 'secure.next-engine.org' ([Errno 11001] getaddrinfo failed)"))
2025-06-11 15:55:43,277 [nextengine.sales_uploader] INFO: Uploaded data\202506\sales_20250611_155250.json => {'result': 'error', 'code': '002002', 'message': 'access_token[aec0939dec04a95489659d3d57eb8f82fcbcb55921bf15ed562af5ba1673194ec3184fe421163623994d44cb28ceff5afe19633af205e2bec9ae556f73458c61]が不正です。'}
